d:\deadline hk2 nam 2\oop\th_07\mockrepo\release\mockrepo.pch
d:\deadline hk2 nam 2\oop\th_07\mockrepo\release\mockrepo.pdb
d:\deadline hk2 nam 2\oop\th_07\mockrepo\release\pch.obj
d:\deadline hk2 nam 2\oop\th_07\mockrepo\release\telephonemock.obj
d:\deadline hk2 nam 2\oop\th_07\mockrepo\release\mockrepo.obj
d:\deadline hk2 nam 2\oop\th_07\mockrepo\release\fullnamemock.obj
d:\deadline hk2 nam 2\oop\th_07\mockrepo\release\emailmock.obj
d:\deadline hk2 nam 2\oop\th_07\mockrepo\release\citizenidmock.obj
d:\deadline hk2 nam 2\oop\th_07\mockrepo\release\birthdaymock.obj
d:\deadline hk2 nam 2\oop\th_07\mockrepo\release\addressmock.obj
d:\deadline hk2 nam 2\oop\th_07\mockrepo\release\addressmock.h
d:\deadline hk2 nam 2\oop\th_07\mockrepo\release\birthdaymock.h
d:\deadline hk2 nam 2\oop\th_07\mockrepo\release\citizenidmock.h
d:\deadline hk2 nam 2\oop\th_07\mockrepo\release\emailmock.h
d:\deadline hk2 nam 2\oop\th_07\mockrepo\release\fullnamemock.h
d:\deadline hk2 nam 2\oop\th_07\mockrepo\release\telephonemock.h
d:\deadline hk2 nam 2\oop\th_07\mockrepo\release\mockrepo.lib
d:\deadline hk2 nam 2\oop\th_07\mockrepo\release\mockrepo.tlog\cl.command.1.tlog
d:\deadline hk2 nam 2\oop\th_07\mockrepo\release\mockrepo.tlog\cl.read.1.tlog
d:\deadline hk2 nam 2\oop\th_07\mockrepo\release\mockrepo.tlog\cl.write.1.tlog
d:\deadline hk2 nam 2\oop\th_07\mockrepo\release\mockrepo.tlog\copyfile.command.1.tlog
d:\deadline hk2 nam 2\oop\th_07\mockrepo\release\mockrepo.tlog\copyfile.read.1.tlog
d:\deadline hk2 nam 2\oop\th_07\mockrepo\release\mockrepo.tlog\copyfile.write.1.tlog
d:\deadline hk2 nam 2\oop\th_07\mockrepo\release\mockrepo.tlog\lib-link.read.1.tlog
d:\deadline hk2 nam 2\oop\th_07\mockrepo\release\mockrepo.tlog\lib-link.write.1.tlog
d:\deadline hk2 nam 2\oop\th_07\mockrepo\release\mockrepo.tlog\lib.command.1.tlog
