d:\deadline hk2 nam 2\oop\ooplib\release\ooplib.pch
d:\deadline hk2 nam 2\oop\ooplib\release\ooplib.pdb
d:\deadline hk2 nam 2\oop\ooplib\release\pch.obj
d:\deadline hk2 nam 2\oop\ooplib\release\util.obj
d:\deadline hk2 nam 2\oop\ooplib\release\telephone.obj
d:\deadline hk2 nam 2\oop\ooplib\release\random.obj
d:\deadline hk2 nam 2\oop\ooplib\release\ooplib.obj
d:\deadline hk2 nam 2\oop\ooplib\release\mobilenetwork.obj
d:\deadline hk2 nam 2\oop\ooplib\release\integer.obj
d:\deadline hk2 nam 2\oop\ooplib\release\fullname.obj
d:\deadline hk2 nam 2\oop\ooplib\release\dynamicarray.obj
d:\deadline hk2 nam 2\oop\ooplib\release\dice.obj
d:\deadline hk2 nam 2\oop\ooplib\release\datetime.obj
d:\deadline hk2 nam 2\oop\ooplib\release\address.obj
d:\deadline hk2 nam 2\oop\th_07\ooplib\release\ooplib.pch
d:\deadline hk2 nam 2\oop\th_07\ooplib\release\ooplib.pdb
d:\deadline hk2 nam 2\oop\th_07\ooplib\release\pch.obj
d:\deadline hk2 nam 2\oop\th_07\ooplib\release\util.obj
d:\deadline hk2 nam 2\oop\th_07\ooplib\release\telephone.obj
d:\deadline hk2 nam 2\oop\th_07\ooplib\release\random.obj
d:\deadline hk2 nam 2\oop\th_07\ooplib\release\ooplib.obj
d:\deadline hk2 nam 2\oop\th_07\ooplib\release\mobilenetwork.obj
d:\deadline hk2 nam 2\oop\th_07\ooplib\release\integer.obj
d:\deadline hk2 nam 2\oop\th_07\ooplib\release\fullname.obj
d:\deadline hk2 nam 2\oop\th_07\ooplib\release\dynamicarray.obj
d:\deadline hk2 nam 2\oop\th_07\ooplib\release\dice.obj
d:\deadline hk2 nam 2\oop\th_07\ooplib\release\datetime.obj
d:\deadline hk2 nam 2\oop\th_07\ooplib\release\address.obj
d:\deadline hk2 nam 2\oop\th_07\ooplib\release\student.obj
d:\deadline hk2 nam 2\oop\th_07\ooplib\release\student.h
d:\deadline hk2 nam 2\oop\th_07\ooplib\release\telephone.h
d:\deadline hk2 nam 2\oop\th_07\ooplib\release\util.h
d:\deadline hk2 nam 2\oop\th_07\ooplib\release\dice.h
d:\deadline hk2 nam 2\oop\th_07\ooplib\release\dynamicarray.h
d:\deadline hk2 nam 2\oop\th_07\ooplib\release\address.h
d:\deadline hk2 nam 2\oop\th_07\ooplib\release\datetime.h
d:\deadline hk2 nam 2\oop\th_07\ooplib\release\integer.h
d:\deadline hk2 nam 2\oop\th_07\ooplib\release\fullname.h
d:\deadline hk2 nam 2\oop\th_07\ooplib\release\mobilenetwork.h
d:\deadline hk2 nam 2\oop\th_07\ooplib\release\random.h
d:\deadline hk2 nam 2\oop\ooplib\release\ooplib.lib
d:\deadline hk2 nam 2\oop\th_07\ooplib\release\ooplib.lib
d:\deadline hk2 nam 2\oop\th_07\ooplib\release\ooplib.tlog\cl.command.1.tlog
d:\deadline hk2 nam 2\oop\th_07\ooplib\release\ooplib.tlog\cl.read.1.tlog
d:\deadline hk2 nam 2\oop\th_07\ooplib\release\ooplib.tlog\cl.write.1.tlog
d:\deadline hk2 nam 2\oop\th_07\ooplib\release\ooplib.tlog\copyfile.command.1.tlog
d:\deadline hk2 nam 2\oop\th_07\ooplib\release\ooplib.tlog\copyfile.read.1.tlog
d:\deadline hk2 nam 2\oop\th_07\ooplib\release\ooplib.tlog\copyfile.write.1.tlog
d:\deadline hk2 nam 2\oop\th_07\ooplib\release\ooplib.tlog\lib-link.read.1.tlog
d:\deadline hk2 nam 2\oop\th_07\ooplib\release\ooplib.tlog\lib-link.write.1.tlog
d:\deadline hk2 nam 2\oop\th_07\ooplib\release\ooplib.tlog\lib.command.1.tlog
